[debug] [2022-10-27T00:53:29.216Z] ----------------------------------------------------------------------
[debug] [2022-10-27T00:53:29.218Z] Command:       C:\Program Files\nodejs\node.exe C:\Users\amrit\AppData\Roaming\npm\node_modules\firebase-tools\lib\bin\firebase.js init
[debug] [2022-10-27T00:53:29.218Z] CLI Version:   11.15.0
[debug] [2022-10-27T00:53:29.218Z] Platform:      win32
[debug] [2022-10-27T00:53:29.218Z] Node Version:  v16.17.0
[debug] [2022-10-27T00:53:29.219Z] Time:          Thu Oct 27 2022 06:53:29 GMT+0600 (Bangladesh Standard Time)
[debug] [2022-10-27T00:53:29.220Z] ----------------------------------------------------------------------
[debug] 
[debug] [2022-10-27T00:53:29.288Z] > command requires scopes: ["email","openid","https://www.googleapis.com/auth/cloudplatformprojects.readonly","https://www.googleapis.com/auth/firebase","https://www.googleapis.com/auth/cloud-platform"]
[debug] [2022-10-27T00:53:29.289Z] > authorizing via signed-in user (sampodnath76@gmail.com)
[info] 
     ######## #### ########  ######## ########     ###     ######  ########
     ##        ##  ##     ## ##       ##     ##  ##   ##  ##       ##
     ######    ##  ########  ######   ########  #########  ######  ######
     ##        ##  ##    ##  ##       ##     ## ##     ##       ## ##
     ##       #### ##     ## ######## ########  ##     ##  ######  ########

You're about to initialize a Firebase project in this directory:

  C:\Users\amrit\OneDrive\Desktop\sampod\New folder\c

Before we get started, keep in mind:

  * You are initializing within an existing Firebase project directory

[info] 
=== Project Setup
[info] 
[info] First, let's associate this project directory with a Firebase project.
[info] You can create multiple project aliases by running firebase use --add, 
[info] but for now we'll just set up a default project.
[info] 
[debug] [2022-10-27T00:53:36.892Z] Using project from CLI flag: assernment-10
[debug] [2022-10-27T00:53:36.894Z] >>> [apiv2][query] GET https://firebase.googleapis.com/v1beta1/projects/assernment-10 [none]
[debug] [2022-10-27T00:53:37.411Z] Failed to make request to https://firebase.googleapis.com/v1beta1/projects/assernment-10
[debug] [2022-10-27T00:53:37.736Z] FirebaseError: Failed to make request to https://firebase.googleapis.com/v1beta1/projects/assernment-10
    at RetryOperation._fn (C:\Users\amrit\AppData\Roaming\npm\node_modules\firebase-tools\lib\apiv2.js:242:31)
    at processTicksAndRejections (node:internal/process/task_queues:96:5)
[error] 
[error] Error: Failed to get Firebase project assernment-10. Please make sure the project exists and your account has permission to access it.
